0 info it worked if it ends with ok
1 verbose cli [ '/usr/local/bin/node', '/usr/local/bin/npm', 'start' ]
2 info using npm@3.10.10
3 info using node@v6.11.4
4 verbose run-script [ 'prestart', 'start', 'poststart' ]
5 info lifecycle recipe_inspire_search@1.0.0~prestart: recipe_inspire_search@1.0.0
6 silly lifecycle recipe_inspire_search@1.0.0~prestart: no script for prestart, continuing
7 info lifecycle recipe_inspire_search@1.0.0~start: recipe_inspire_search@1.0.0
8 verbose lifecycle recipe_inspire_search@1.0.0~start: unsafe-perm in lifecycle true
9 verbose lifecycle recipe_inspire_search@1.0.0~start: PATH: /usr/local/lib/node_modules/npm/bin/node-gyp-bin:/Users/aqeel/Code/recipe_inspire_search/node_modules/.bin:/usr/local/bin:/usr/bin:/bin:/usr/sbin:/sbin:/usr/local/git/bin:/usr/local/MacGPG2/bin
10 verbose lifecycle recipe_inspire_search@1.0.0~start: CWD: /Users/aqeel/Code/recipe_inspire_search
11 silly lifecycle recipe_inspire_search@1.0.0~start: Args: [ '-c', 'run app.js' ]
12 info lifecycle recipe_inspire_search@1.0.0~start: Failed to exec start script
13 verbose stack Error: recipe_inspire_search@1.0.0 start: `run app.js`
13 verbose stack spawn ENOENT
13 verbose stack     at ChildProcess.<anonymous> (/usr/local/lib/node_modules/npm/lib/utils/spawn.js:33:16)
13 verbose stack     at emitTwo (events.js:106:13)
13 verbose stack     at ChildProcess.emit (events.js:191:7)
13 verbose stack     at maybeClose (internal/child_process.js:920:16)
13 verbose stack     at Process.ChildProcess._handle.onexit (internal/child_process.js:230:5)
14 verbose pkgid recipe_inspire_search@1.0.0
15 verbose cwd /Users/aqeel/Code/recipe_inspire_search
16 error Darwin 16.7.0
17 error argv "/usr/local/bin/node" "/usr/local/bin/npm" "start"
18 error node v6.11.4
19 error npm  v3.10.10
20 error file sh
21 error code ELIFECYCLE
22 error errno ENOENT
23 error syscall spawn
24 error recipe_inspire_search@1.0.0 start: `run app.js`
24 error spawn ENOENT
25 error Failed at the recipe_inspire_search@1.0.0 start script 'run app.js'.
25 error Make sure you have the latest version of node.js and npm installed.
25 error If you do, this is most likely a problem with the recipe_inspire_search package,
25 error not with npm itself.
25 error Tell the author that this fails on your system:
25 error     run app.js
25 error You can get information on how to open an issue for this project with:
25 error     npm bugs recipe_inspire_search
25 error Or if that isn't available, you can get their info via:
25 error     npm owner ls recipe_inspire_search
25 error There is likely additional logging output above.
26 verbose exit [ 1, true ]
